{"uuid":"cac3e448-45c9-47c2-9407-f91ed53a4db7","historyId":"c2f745944cf1b6dc75de75e2b3695d56","testCaseId":"25cb077f15c5acd55fa1fc966311ed1b","fullName":"src/test/resources/com/tests/features/Login.feature:6","labels":[{"name":"host","value":"PC-Ghar"},{"name":"thread","value":"40136@PC-Ghar.TestNG-test=CucumberTest-1(31)"},{"name":"feature","value":"Login functionality"},{"name":"story","value":"Login to salesforce"},{"name":"suite","value":"Login functionality"},{"name":"testClass","value":"Login to salesforce"},{"name":"framework","value":"cucumber4jvm"},{"name":"language","value":"java"},{"name":"gherkin_uri","value":"file:///C:/Users/richa/IdeaProjects/selenium-java/src/test/resources/com/tests/features/Login.feature"},{"name":"package","value":"src.test.resources.com.tests.features.Login_feature.Login functionality"}],"links":[],"name":"Login to salesforce","status":"broken","statusDetails":{"known":false,"muted":false,"flaky":false,"message":"javascript error: Cannot read properties of undefined (reading 'defaultView')\n  (Session info: chrome=138.0.7204.158)\nBuild info: version: '4.33.0', revision: '2c6aaad03a'\nSystem info: os.name: 'Windows 11', os.arch: 'amd64', os.version: '10.0', java.version: '22.0.2'\nDriver info: org.openqa.selenium.chrome.ChromeDriver\nCommand: [3effb55f4118ce17306995c1efd7b24e, clickElement {id=f.8BA390E5183ACE898F397EEE57AD2424.d.82656409265D7F6F6BC19821C335FBD5.e.65}]\nCapabilities {acceptInsecureCerts: false, browserName: chrome, browserVersion: 138.0.7204.158, chrome: {chromedriverVersion: 138.0.7204.157 (e533e98b126..., userDataDir: C:\\Users\\richa\\AppData\\Loca...}, fedcm:accounts: true, goog:chromeOptions: {debuggerAddress: localhost:52120}, networkConnectionEnabled: false, pageLoadStrategy: normal, platformName: windows, proxy: Proxy(), se:cdp: ws://localhost:52120/devtoo..., se:cdpVersion: 138.0.7204.158, setWindowRect: true, strictFileInteractability: false, timeouts: {implicit: 0, pageLoad: 300000, script: 30000}, unhandledPromptBehavior: dismiss and notify, webauthn:extension:credBlob: true, webauthn:extension:largeBlob: true, webauthn:extension:minPinLength: true, webauthn:extension:prf: true, webauthn:virtualAuthenticators: true}\nElement: [[ChromeDriver: chrome on windows (3effb55f4118ce17306995c1efd7b24e)] -> xpath: //one-app-nav-bar//span[text()='Cases']]\nSession ID: 3effb55f4118ce17306995c1efd7b24e","trace":"org.openqa.selenium.JavascriptException: javascript error: Cannot read properties of undefined (reading 'defaultView')\n  (Session info: chrome=138.0.7204.158)\nBuild info: version: '4.33.0', revision: '2c6aaad03a'\nSystem info: os.name: 'Windows 11', os.arch: 'amd64', os.version: '10.0', java.version: '22.0.2'\nDriver info: org.openqa.selenium.chrome.ChromeDriver\nCommand: [3effb55f4118ce17306995c1efd7b24e, clickElement {id=f.8BA390E5183ACE898F397EEE57AD2424.d.82656409265D7F6F6BC19821C335FBD5.e.65}]\nCapabilities {acceptInsecureCerts: false, browserName: chrome, browserVersion: 138.0.7204.158, chrome: {chromedriverVersion: 138.0.7204.157 (e533e98b126..., userDataDir: C:\\Users\\richa\\AppData\\Loca...}, fedcm:accounts: true, goog:chromeOptions: {debuggerAddress: localhost:52120}, networkConnectionEnabled: false, pageLoadStrategy: normal, platformName: windows, proxy: Proxy(), se:cdp: ws://localhost:52120/devtoo..., se:cdpVersion: 138.0.7204.158, setWindowRect: true, strictFileInteractability: false, timeouts: {implicit: 0, pageLoad: 300000, script: 30000}, unhandledPromptBehavior: dismiss and notify, webauthn:extension:credBlob: true, webauthn:extension:largeBlob: true, webauthn:extension:minPinLength: true, webauthn:extension:prf: true, webauthn:virtualAuthenticators: true}\nElement: [[ChromeDriver: chrome on windows (3effb55f4118ce17306995c1efd7b24e)] -> xpath: //one-app-nav-bar//span[text()='Cases']]\nSession ID: 3effb55f4118ce17306995c1efd7b24e\r\n\tat java.base/jdk.internal.reflect.DirectConstructorHandleAccessor.newInstance(DirectConstructorHandleAccessor.java:62)\r\n\tat java.base/java.lang.reflect.Constructor.newInstanceWithCaller(Constructor.java:502)\r\n\tat java.base/java.lang.reflect.Constructor.newInstance(Constructor.java:486)\r\n\tat org.openqa.selenium.remote.ErrorCodec.decode(ErrorCodec.java:167)\r\n\tat org.openqa.selenium.remote.codec.w3c.W3CHttpResponseCodec.decode(W3CHttpResponseCodec.java:138)\r\n\tat org.openqa.selenium.remote.codec.w3c.W3CHttpResponseCodec.decode(W3CHttpResponseCodec.java:50)\r\n\tat org.openqa.selenium.remote.HttpCommandExecutor.execute(HttpCommandExecutor.java:215)\r\n\tat org.openqa.selenium.remote.service.DriverCommandExecutor.invokeExecute(DriverCommandExecutor.java:216)\r\n\tat org.openqa.selenium.remote.service.DriverCommandExecutor.execute(DriverCommandExecutor.java:174)\r\n\tat org.openqa.selenium.remote.RemoteWebDriver.execute(RemoteWebDriver.java:544)\r\n\tat org.openqa.selenium.remote.RemoteWebElement.execute(RemoteWebElement.java:223)\r\n\tat org.openqa.selenium.remote.RemoteWebElement.click(RemoteWebElement.java:76)\r\n\tat com.tests.pages.HomePage.clickOnTab(HomePage.java:27)\r\n\tat com.tests.stepDefinitions.HomeSteps.i_navigate_to_tab(HomeSteps.java:57)\r\n\tat ✽.I navigate to \"Cases\" tab(file:///C:/Users/richa/IdeaProjects/selenium-java/src/test/resources/com/tests/features/Login.feature:10)\r\n"},"stage":"finished","steps":[{"name":"Given I am on homepage of salesforce \"qa\"","status":"passed","statusDetails":{"known":false,"muted":false,"flaky":false},"stage":"finished","steps":[],"attachments":[],"parameters":[],"start":1753199103370,"stop":1753199137324},{"name":"When I create a new case with subject \"Test\" and description \"abc\"","status":"passed","statusDetails":{"known":false,"muted":false,"flaky":false},"stage":"finished","steps":[],"attachments":[],"parameters":[],"start":1753199137324,"stop":1753199143496},{"name":"Then The case should be created successfully","status":"passed","statusDetails":{"known":false,"muted":false,"flaky":false},"stage":"finished","steps":[],"attachments":[],"parameters":[],"start":1753199143496,"stop":1753199143499},{"name":"And I navigate to \"Cases\" tab","status":"broken","statusDetails":{"known":false,"muted":false,"flaky":false,"message":"javascript error: Cannot read properties of undefined (reading 'defaultView')\n  (Session info: chrome=138.0.7204.158)\nBuild info: version: '4.33.0', revision: '2c6aaad03a'\nSystem info: os.name: 'Windows 11', os.arch: 'amd64', os.version: '10.0', java.version: '22.0.2'\nDriver info: org.openqa.selenium.chrome.ChromeDriver\nCommand: [3effb55f4118ce17306995c1efd7b24e, clickElement {id=f.8BA390E5183ACE898F397EEE57AD2424.d.82656409265D7F6F6BC19821C335FBD5.e.65}]\nCapabilities {acceptInsecureCerts: false, browserName: chrome, browserVersion: 138.0.7204.158, chrome: {chromedriverVersion: 138.0.7204.157 (e533e98b126..., userDataDir: C:\\Users\\richa\\AppData\\Loca...}, fedcm:accounts: true, goog:chromeOptions: {debuggerAddress: localhost:52120}, networkConnectionEnabled: false, pageLoadStrategy: normal, platformName: windows, proxy: Proxy(), se:cdp: ws://localhost:52120/devtoo..., se:cdpVersion: 138.0.7204.158, setWindowRect: true, strictFileInteractability: false, timeouts: {implicit: 0, pageLoad: 300000, script: 30000}, unhandledPromptBehavior: dismiss and notify, webauthn:extension:credBlob: true, webauthn:extension:largeBlob: true, webauthn:extension:minPinLength: true, webauthn:extension:prf: true, webauthn:virtualAuthenticators: true}\nElement: [[ChromeDriver: chrome on windows (3effb55f4118ce17306995c1efd7b24e)] -> xpath: //one-app-nav-bar//span[text()='Cases']]\nSession ID: 3effb55f4118ce17306995c1efd7b24e","trace":"org.openqa.selenium.JavascriptException: javascript error: Cannot read properties of undefined (reading 'defaultView')\n  (Session info: chrome=138.0.7204.158)\nBuild info: version: '4.33.0', revision: '2c6aaad03a'\nSystem info: os.name: 'Windows 11', os.arch: 'amd64', os.version: '10.0', java.version: '22.0.2'\nDriver info: org.openqa.selenium.chrome.ChromeDriver\nCommand: [3effb55f4118ce17306995c1efd7b24e, clickElement {id=f.8BA390E5183ACE898F397EEE57AD2424.d.82656409265D7F6F6BC19821C335FBD5.e.65}]\nCapabilities {acceptInsecureCerts: false, browserName: chrome, browserVersion: 138.0.7204.158, chrome: {chromedriverVersion: 138.0.7204.157 (e533e98b126..., userDataDir: C:\\Users\\richa\\AppData\\Loca...}, fedcm:accounts: true, goog:chromeOptions: {debuggerAddress: localhost:52120}, networkConnectionEnabled: false, pageLoadStrategy: normal, platformName: windows, proxy: Proxy(), se:cdp: ws://localhost:52120/devtoo..., se:cdpVersion: 138.0.7204.158, setWindowRect: true, strictFileInteractability: false, timeouts: {implicit: 0, pageLoad: 300000, script: 30000}, unhandledPromptBehavior: dismiss and notify, webauthn:extension:credBlob: true, webauthn:extension:largeBlob: true, webauthn:extension:minPinLength: true, webauthn:extension:prf: true, webauthn:virtualAuthenticators: true}\nElement: [[ChromeDriver: chrome on windows (3effb55f4118ce17306995c1efd7b24e)] -> xpath: //one-app-nav-bar//span[text()='Cases']]\nSession ID: 3effb55f4118ce17306995c1efd7b24e\r\n\tat java.base/jdk.internal.reflect.DirectConstructorHandleAccessor.newInstance(DirectConstructorHandleAccessor.java:62)\r\n\tat java.base/java.lang.reflect.Constructor.newInstanceWithCaller(Constructor.java:502)\r\n\tat java.base/java.lang.reflect.Constructor.newInstance(Constructor.java:486)\r\n\tat org.openqa.selenium.remote.ErrorCodec.decode(ErrorCodec.java:167)\r\n\tat org.openqa.selenium.remote.codec.w3c.W3CHttpResponseCodec.decode(W3CHttpResponseCodec.java:138)\r\n\tat org.openqa.selenium.remote.codec.w3c.W3CHttpResponseCodec.decode(W3CHttpResponseCodec.java:50)\r\n\tat org.openqa.selenium.remote.HttpCommandExecutor.execute(HttpCommandExecutor.java:215)\r\n\tat org.openqa.selenium.remote.service.DriverCommandExecutor.invokeExecute(DriverCommandExecutor.java:216)\r\n\tat org.openqa.selenium.remote.service.DriverCommandExecutor.execute(DriverCommandExecutor.java:174)\r\n\tat org.openqa.selenium.remote.RemoteWebDriver.execute(RemoteWebDriver.java:544)\r\n\tat org.openqa.selenium.remote.RemoteWebElement.execute(RemoteWebElement.java:223)\r\n\tat org.openqa.selenium.remote.RemoteWebElement.click(RemoteWebElement.java:76)\r\n\tat com.tests.pages.HomePage.clickOnTab(HomePage.java:27)\r\n\tat com.tests.stepDefinitions.HomeSteps.i_navigate_to_tab(HomeSteps.java:57)\r\n\tat ✽.I navigate to \"Cases\" tab(file:///C:/Users/richa/IdeaProjects/selenium-java/src/test/resources/com/tests/features/Login.feature:10)\r\n"},"stage":"finished","steps":[],"attachments":[],"parameters":[],"start":1753199143499,"stop":1753199143587},{"name":"Then I search for \"CaseId\"","status":"skipped","statusDetails":{"known":false,"muted":false,"flaky":false},"stage":"finished","steps":[],"attachments":[],"parameters":[],"start":1753199143588,"stop":1753199143588}],"attachments":[],"parameters":[],"start":1753199102094,"stop":1753199144121}